[20-Jan-2017 20:03:05 UTC] PHP Fatal error:  Call to undefined method Illuminate\Http\Response::json() in /home/ubuntu/workspace/rest-api-example/app/Http/Controllers/DefaultController.php on line 27
[20-Jan-2017 20:03:05 UTC] PHP Stack trace:
[20-Jan-2017 20:03:05 UTC] PHP   1. {main}() /home/ubuntu/workspace/rest-api-example/public/index.php:0
[20-Jan-2017 20:03:05 UTC] PHP   2. Laravel\Lumen\Application->run() /home/ubuntu/workspace/rest-api-example/public/index.php:28
[20-Jan-2017 20:03:05 UTC] PHP   3. Laravel\Lumen\Application->dispatch() /home/ubuntu/workspace/rest-api-example/vendor/laravel/lumen-framework/src/Concerns/RoutesRequests.php:476
[20-Jan-2017 20:03:05 UTC] PHP   4. Laravel\Lumen\Application->sendThroughPipeline() /home/ubuntu/workspace/rest-api-example/vendor/laravel/lumen-framework/src/Concerns/RoutesRequests.php:535
[20-Jan-2017 20:03:05 UTC] PHP   5. Laravel\Lumen\Application->Laravel\Lumen\Concerns\{closure}() /home/ubuntu/workspace/rest-api-example/vendor/laravel/lumen-framework/src/Concerns/RoutesRequests.php:783
[20-Jan-2017 20:03:05 UTC] PHP   6. Laravel\Lumen\Application->handleFoundRoute() /home/ubuntu/workspace/rest-api-example/vendor/laravel/lumen-framework/src/Concerns/RoutesRequests.php:529
[20-Jan-2017 20:03:05 UTC] PHP   7. Laravel\Lumen\Application->callActionOnArrayBasedRoute() /home/ubuntu/workspace/rest-api-example/vendor/laravel/lumen-framework/src/Concerns/RoutesRequests.php:630
[20-Jan-2017 20:03:05 UTC] PHP   8. Laravel\Lumen\Application->callControllerAction() /home/ubuntu/workspace/rest-api-example/vendor/laravel/lumen-framework/src/Concerns/RoutesRequests.php:645
[20-Jan-2017 20:03:05 UTC] PHP   9. Laravel\Lumen\Application->callLumenController() /home/ubuntu/workspace/rest-api-example/vendor/laravel/lumen-framework/src/Concerns/RoutesRequests.php:683
[20-Jan-2017 20:03:05 UTC] PHP  10. Laravel\Lumen\Application->callControllerCallable() /home/ubuntu/workspace/rest-api-example/vendor/laravel/lumen-framework/src/Concerns/RoutesRequests.php:710
[20-Jan-2017 20:03:05 UTC] PHP  11. Illuminate\Container\Container->call() /home/ubuntu/workspace/rest-api-example/vendor/laravel/lumen-framework/src/Concerns/RoutesRequests.php:743
[20-Jan-2017 20:03:05 UTC] PHP  12. call_user_func_array:{/home/ubuntu/workspace/rest-api-example/vendor/illuminate/container/Container.php:508}() /home/ubuntu/workspace/rest-api-example/vendor/illuminate/container/Container.php:508
[20-Jan-2017 20:03:05 UTC] PHP  13. App\Http\Controllers\DefaultController->get() /home/ubuntu/workspace/rest-api-example/vendor/illuminate/container/Container.php:508
[20-Jan-2017 20:03:33 UTC] PHP Fatal error:  Call to undefined method Illuminate\Http\Response::json() in /home/ubuntu/workspace/rest-api-example/app/Http/Controllers/DefaultController.php on line 27
[20-Jan-2017 20:03:33 UTC] PHP Stack trace:
[20-Jan-2017 20:03:33 UTC] PHP   1. {main}() /home/ubuntu/workspace/rest-api-example/public/index.php:0
[20-Jan-2017 20:03:33 UTC] PHP   2. Laravel\Lumen\Application->run() /home/ubuntu/workspace/rest-api-example/public/index.php:28
[20-Jan-2017 20:03:33 UTC] PHP   3. Laravel\Lumen\Application->dispatch() /home/ubuntu/workspace/rest-api-example/vendor/laravel/lumen-framework/src/Concerns/RoutesRequests.php:476
[20-Jan-2017 20:03:33 UTC] PHP   4. Laravel\Lumen\Application->sendThroughPipeline() /home/ubuntu/workspace/rest-api-example/vendor/laravel/lumen-framework/src/Concerns/RoutesRequests.php:535
[20-Jan-2017 20:03:33 UTC] PHP   5. Laravel\Lumen\Application->Laravel\Lumen\Concerns\{closure}() /home/ubuntu/workspace/rest-api-example/vendor/laravel/lumen-framework/src/Concerns/RoutesRequests.php:783
[20-Jan-2017 20:03:33 UTC] PHP   6. Laravel\Lumen\Application->handleFoundRoute() /home/ubuntu/workspace/rest-api-example/vendor/laravel/lumen-framework/src/Concerns/RoutesRequests.php:529
[20-Jan-2017 20:03:33 UTC] PHP   7. Laravel\Lumen\Application->callActionOnArrayBasedRoute() /home/ubuntu/workspace/rest-api-example/vendor/laravel/lumen-framework/src/Concerns/RoutesRequests.php:630
[20-Jan-2017 20:03:33 UTC] PHP   8. Laravel\Lumen\Application->callControllerAction() /home/ubuntu/workspace/rest-api-example/vendor/laravel/lumen-framework/src/Concerns/RoutesRequests.php:645
[20-Jan-2017 20:03:33 UTC] PHP   9. Laravel\Lumen\Application->callLumenController() /home/ubuntu/workspace/rest-api-example/vendor/laravel/lumen-framework/src/Concerns/RoutesRequests.php:683
[20-Jan-2017 20:03:33 UTC] PHP  10. Laravel\Lumen\Application->callControllerCallable() /home/ubuntu/workspace/rest-api-example/vendor/laravel/lumen-framework/src/Concerns/RoutesRequests.php:710
[20-Jan-2017 20:03:33 UTC] PHP  11. Illuminate\Container\Container->call() /home/ubuntu/workspace/rest-api-example/vendor/laravel/lumen-framework/src/Concerns/RoutesRequests.php:743
[20-Jan-2017 20:03:33 UTC] PHP  12. call_user_func_array:{/home/ubuntu/workspace/rest-api-example/vendor/illuminate/container/Container.php:508}() /home/ubuntu/workspace/rest-api-example/vendor/illuminate/container/Container.php:508
[20-Jan-2017 20:03:33 UTC] PHP  13. App\Http\Controllers\DefaultController->get() /home/ubuntu/workspace/rest-api-example/vendor/illuminate/container/Container.php:508
[20-Jan-2017 20:35:21 UTC] PHP Fatal error:  Class 'App\Http\Controllers\DataModel' not found in /home/ubuntu/workspace/rest-api-example/app/Http/Controllers/DefaultController.php on line 24
[20-Jan-2017 20:35:21 UTC] PHP Stack trace:
[20-Jan-2017 20:35:21 UTC] PHP   1. {main}() /home/ubuntu/workspace/rest-api-example/public/index.php:0
[20-Jan-2017 20:35:21 UTC] PHP   2. Laravel\Lumen\Application->run() /home/ubuntu/workspace/rest-api-example/public/index.php:28
[20-Jan-2017 20:35:21 UTC] PHP   3. Laravel\Lumen\Application->dispatch() /home/ubuntu/workspace/rest-api-example/vendor/laravel/lumen-framework/src/Concerns/RoutesRequests.php:476
[20-Jan-2017 20:35:21 UTC] PHP   4. Laravel\Lumen\Application->sendThroughPipeline() /home/ubuntu/workspace/rest-api-example/vendor/laravel/lumen-framework/src/Concerns/RoutesRequests.php:535
[20-Jan-2017 20:35:21 UTC] PHP   5. Laravel\Lumen\Application->Laravel\Lumen\Concerns\{closure}() /home/ubuntu/workspace/rest-api-example/vendor/laravel/lumen-framework/src/Concerns/RoutesRequests.php:783
[20-Jan-2017 20:35:21 UTC] PHP   6. Laravel\Lumen\Application->handleFoundRoute() /home/ubuntu/workspace/rest-api-example/vendor/laravel/lumen-framework/src/Concerns/RoutesRequests.php:529
[20-Jan-2017 20:35:21 UTC] PHP   7. Laravel\Lumen\Application->callActionOnArrayBasedRoute() /home/ubuntu/workspace/rest-api-example/vendor/laravel/lumen-framework/src/Concerns/RoutesRequests.php:630
[20-Jan-2017 20:35:21 UTC] PHP   8. Laravel\Lumen\Application->callControllerAction() /home/ubuntu/workspace/rest-api-example/vendor/laravel/lumen-framework/src/Concerns/RoutesRequests.php:645
[20-Jan-2017 20:35:21 UTC] PHP   9. Laravel\Lumen\Application->callLumenController() /home/ubuntu/workspace/rest-api-example/vendor/laravel/lumen-framework/src/Concerns/RoutesRequests.php:683
[20-Jan-2017 20:35:21 UTC] PHP  10. Laravel\Lumen\Application->callControllerCallable() /home/ubuntu/workspace/rest-api-example/vendor/laravel/lumen-framework/src/Concerns/RoutesRequests.php:710
[20-Jan-2017 20:35:21 UTC] PHP  11. Illuminate\Container\Container->call() /home/ubuntu/workspace/rest-api-example/vendor/laravel/lumen-framework/src/Concerns/RoutesRequests.php:743
[20-Jan-2017 20:35:21 UTC] PHP  12. call_user_func_array:{/home/ubuntu/workspace/rest-api-example/vendor/illuminate/container/Container.php:508}() /home/ubuntu/workspace/rest-api-example/vendor/illuminate/container/Container.php:508
[20-Jan-2017 20:35:21 UTC] PHP  13. App\Http\Controllers\DefaultController->get() /home/ubuntu/workspace/rest-api-example/vendor/illuminate/container/Container.php:508
[20-Jan-2017 20:35:46 UTC] PHP Fatal error:  Class 'App\Models\DateTime' not found in /home/ubuntu/workspace/rest-api-example/app/Models/DataModel.php on line 9
[20-Jan-2017 20:35:46 UTC] PHP Stack trace:
[20-Jan-2017 20:35:46 UTC] PHP   1. {main}() /home/ubuntu/workspace/rest-api-example/public/index.php:0
[20-Jan-2017 20:35:46 UTC] PHP   2. Laravel\Lumen\Application->run() /home/ubuntu/workspace/rest-api-example/public/index.php:28
[20-Jan-2017 20:35:46 UTC] PHP   3. Laravel\Lumen\Application->dispatch() /home/ubuntu/workspace/rest-api-example/vendor/laravel/lumen-framework/src/Concerns/RoutesRequests.php:476
[20-Jan-2017 20:35:46 UTC] PHP   4. Laravel\Lumen\Application->sendThroughPipeline() /home/ubuntu/workspace/rest-api-example/vendor/laravel/lumen-framework/src/Concerns/RoutesRequests.php:535
[20-Jan-2017 20:35:46 UTC] PHP   5. Laravel\Lumen\Application->Laravel\Lumen\Concerns\{closure}() /home/ubuntu/workspace/rest-api-example/vendor/laravel/lumen-framework/src/Concerns/RoutesRequests.php:783
[20-Jan-2017 20:35:46 UTC] PHP   6. Laravel\Lumen\Application->handleFoundRoute() /home/ubuntu/workspace/rest-api-example/vendor/laravel/lumen-framework/src/Concerns/RoutesRequests.php:529
[20-Jan-2017 20:35:46 UTC] PHP   7. Laravel\Lumen\Application->callActionOnArrayBasedRoute() /home/ubuntu/workspace/rest-api-example/vendor/laravel/lumen-framework/src/Concerns/RoutesRequests.php:630
[20-Jan-2017 20:35:46 UTC] PHP   8. Laravel\Lumen\Application->callControllerAction() /home/ubuntu/workspace/rest-api-example/vendor/laravel/lumen-framework/src/Concerns/RoutesRequests.php:645
[20-Jan-2017 20:35:46 UTC] PHP   9. Laravel\Lumen\Application->callLumenController() /home/ubuntu/workspace/rest-api-example/vendor/laravel/lumen-framework/src/Concerns/RoutesRequests.php:683
[20-Jan-2017 20:35:46 UTC] PHP  10. Laravel\Lumen\Application->callControllerCallable() /home/ubuntu/workspace/rest-api-example/vendor/laravel/lumen-framework/src/Concerns/RoutesRequests.php:710
[20-Jan-2017 20:35:46 UTC] PHP  11. Illuminate\Container\Container->call() /home/ubuntu/workspace/rest-api-example/vendor/laravel/lumen-framework/src/Concerns/RoutesRequests.php:743
[20-Jan-2017 20:35:46 UTC] PHP  12. call_user_func_array:{/home/ubuntu/workspace/rest-api-example/vendor/illuminate/container/Container.php:508}() /home/ubuntu/workspace/rest-api-example/vendor/illuminate/container/Container.php:508
[20-Jan-2017 20:35:46 UTC] PHP  13. App\Http\Controllers\DefaultController->get() /home/ubuntu/workspace/rest-api-example/vendor/illuminate/container/Container.php:508
[20-Jan-2017 20:35:46 UTC] PHP  14. App\Models\DataModel->get() /home/ubuntu/workspace/rest-api-example/app/Http/Controllers/DefaultController.php:27
[20-Jan-2017 20:37:45 UTC] PHP Fatal error:  Class 'App\Http\Controllers\DefaultGetView' not found in /home/ubuntu/workspace/rest-api-example/app/Http/Controllers/DefaultController.php on line 27
[20-Jan-2017 20:37:45 UTC] PHP Stack trace:
[20-Jan-2017 20:37:45 UTC] PHP   1. {main}() /home/ubuntu/workspace/rest-api-example/public/index.php:0
[20-Jan-2017 20:37:45 UTC] PHP   2. Laravel\Lumen\Application->run() /home/ubuntu/workspace/rest-api-example/public/index.php:28
[20-Jan-2017 20:37:45 UTC] PHP   3. Laravel\Lumen\Application->dispatch() /home/ubuntu/workspace/rest-api-example/vendor/laravel/lumen-framework/src/Concerns/RoutesRequests.php:476
[20-Jan-2017 20:37:45 UTC] PHP   4. Laravel\Lumen\Application->sendThroughPipeline() /home/ubuntu/workspace/rest-api-example/vendor/laravel/lumen-framework/src/Concerns/RoutesRequests.php:535
[20-Jan-2017 20:37:45 UTC] PHP   5. Laravel\Lumen\Application->Laravel\Lumen\Concerns\{closure}() /home/ubuntu/workspace/rest-api-example/vendor/laravel/lumen-framework/src/Concerns/RoutesRequests.php:783
[20-Jan-2017 20:37:45 UTC] PHP   6. Laravel\Lumen\Application->handleFoundRoute() /home/ubuntu/workspace/rest-api-example/vendor/laravel/lumen-framework/src/Concerns/RoutesRequests.php:529
[20-Jan-2017 20:37:45 UTC] PHP   7. Laravel\Lumen\Application->callActionOnArrayBasedRoute() /home/ubuntu/workspace/rest-api-example/vendor/laravel/lumen-framework/src/Concerns/RoutesRequests.php:630
[20-Jan-2017 20:37:45 UTC] PHP   8. Laravel\Lumen\Application->callControllerAction() /home/ubuntu/workspace/rest-api-example/vendor/laravel/lumen-framework/src/Concerns/RoutesRequests.php:645
[20-Jan-2017 20:37:45 UTC] PHP   9. Laravel\Lumen\Application->callLumenController() /home/ubuntu/workspace/rest-api-example/vendor/laravel/lumen-framework/src/Concerns/RoutesRequests.php:683
[20-Jan-2017 20:37:45 UTC] PHP  10. Laravel\Lumen\Application->callControllerCallable() /home/ubuntu/workspace/rest-api-example/vendor/laravel/lumen-framework/src/Concerns/RoutesRequests.php:710
[20-Jan-2017 20:37:45 UTC] PHP  11. Illuminate\Container\Container->call() /home/ubuntu/workspace/rest-api-example/vendor/laravel/lumen-framework/src/Concerns/RoutesRequests.php:743
[20-Jan-2017 20:37:45 UTC] PHP  12. call_user_func_array:{/home/ubuntu/workspace/rest-api-example/vendor/illuminate/container/Container.php:508}() /home/ubuntu/workspace/rest-api-example/vendor/illuminate/container/Container.php:508
[20-Jan-2017 20:37:45 UTC] PHP  13. App\Http\Controllers\DefaultController->get() /home/ubuntu/workspace/rest-api-example/vendor/illuminate/container/Container.php:508
[20-Jan-2017 20:42:52 UTC] PHP Fatal error:  Class 'Resources\Views\DefaultGetView' not found in /home/ubuntu/workspace/rest-api-example/app/Http/Controllers/DefaultController.php on line 28
[20-Jan-2017 20:42:52 UTC] PHP Stack trace:
[20-Jan-2017 20:42:52 UTC] PHP   1. {main}() /home/ubuntu/workspace/rest-api-example/public/index.php:0
[20-Jan-2017 20:42:52 UTC] PHP   2. Laravel\Lumen\Application->run() /home/ubuntu/workspace/rest-api-example/public/index.php:28
[20-Jan-2017 20:42:52 UTC] PHP   3. Laravel\Lumen\Application->dispatch() /home/ubuntu/workspace/rest-api-example/vendor/laravel/lumen-framework/src/Concerns/RoutesRequests.php:476
[20-Jan-2017 20:42:52 UTC] PHP   4. Laravel\Lumen\Application->sendThroughPipeline() /home/ubuntu/workspace/rest-api-example/vendor/laravel/lumen-framework/src/Concerns/RoutesRequests.php:535
[20-Jan-2017 20:42:52 UTC] PHP   5. Laravel\Lumen\Application->Laravel\Lumen\Concerns\{closure}() /home/ubuntu/workspace/rest-api-example/vendor/laravel/lumen-framework/src/Concerns/RoutesRequests.php:783
[20-Jan-2017 20:42:52 UTC] PHP   6. Laravel\Lumen\Application->handleFoundRoute() /home/ubuntu/workspace/rest-api-example/vendor/laravel/lumen-framework/src/Concerns/RoutesRequests.php:529
[20-Jan-2017 20:42:52 UTC] PHP   7. Laravel\Lumen\Application->callActionOnArrayBasedRoute() /home/ubuntu/workspace/rest-api-example/vendor/laravel/lumen-framework/src/Concerns/RoutesRequests.php:630
[20-Jan-2017 20:42:52 UTC] PHP   8. Laravel\Lumen\Application->callControllerAction() /home/ubuntu/workspace/rest-api-example/vendor/laravel/lumen-framework/src/Concerns/RoutesRequests.php:645
[20-Jan-2017 20:42:52 UTC] PHP   9. Laravel\Lumen\Application->callLumenController() /home/ubuntu/workspace/rest-api-example/vendor/laravel/lumen-framework/src/Concerns/RoutesRequests.php:683
[20-Jan-2017 20:42:52 UTC] PHP  10. Laravel\Lumen\Application->callControllerCallable() /home/ubuntu/workspace/rest-api-example/vendor/laravel/lumen-framework/src/Concerns/RoutesRequests.php:710
[20-Jan-2017 20:42:52 UTC] PHP  11. Illuminate\Container\Container->call() /home/ubuntu/workspace/rest-api-example/vendor/laravel/lumen-framework/src/Concerns/RoutesRequests.php:743
[20-Jan-2017 20:42:52 UTC] PHP  12. call_user_func_array:{/home/ubuntu/workspace/rest-api-example/vendor/illuminate/container/Container.php:508}() /home/ubuntu/workspace/rest-api-example/vendor/illuminate/container/Container.php:508
[20-Jan-2017 20:42:52 UTC] PHP  13. App\Http\Controllers\DefaultController->get() /home/ubuntu/workspace/rest-api-example/vendor/illuminate/container/Container.php:508
[20-Jan-2017 20:45:06 UTC] PHP Fatal error:  Class 'Resources\Views\DefaultGetView' not found in /home/ubuntu/workspace/rest-api-example/app/Http/Controllers/DefaultController.php on line 28
[20-Jan-2017 20:45:06 UTC] PHP Stack trace:
[20-Jan-2017 20:45:06 UTC] PHP   1. {main}() /home/ubuntu/workspace/rest-api-example/public/index.php:0
[20-Jan-2017 20:45:06 UTC] PHP   2. Laravel\Lumen\Application->run() /home/ubuntu/workspace/rest-api-example/public/index.php:28
[20-Jan-2017 20:45:06 UTC] PHP   3. Laravel\Lumen\Application->dispatch() /home/ubuntu/workspace/rest-api-example/vendor/laravel/lumen-framework/src/Concerns/RoutesRequests.php:476
[20-Jan-2017 20:45:06 UTC] PHP   4. Laravel\Lumen\Application->sendThroughPipeline() /home/ubuntu/workspace/rest-api-example/vendor/laravel/lumen-framework/src/Concerns/RoutesRequests.php:535
[20-Jan-2017 20:45:06 UTC] PHP   5. Laravel\Lumen\Application->Laravel\Lumen\Concerns\{closure}() /home/ubuntu/workspace/rest-api-example/vendor/laravel/lumen-framework/src/Concerns/RoutesRequests.php:783
[20-Jan-2017 20:45:06 UTC] PHP   6. Laravel\Lumen\Application->handleFoundRoute() /home/ubuntu/workspace/rest-api-example/vendor/laravel/lumen-framework/src/Concerns/RoutesRequests.php:529
[20-Jan-2017 20:45:06 UTC] PHP   7. Laravel\Lumen\Application->callActionOnArrayBasedRoute() /home/ubuntu/workspace/rest-api-example/vendor/laravel/lumen-framework/src/Concerns/RoutesRequests.php:630
[20-Jan-2017 20:45:06 UTC] PHP   8. Laravel\Lumen\Application->callControllerAction() /home/ubuntu/workspace/rest-api-example/vendor/laravel/lumen-framework/src/Concerns/RoutesRequests.php:645
[20-Jan-2017 20:45:06 UTC] PHP   9. Laravel\Lumen\Application->callLumenController() /home/ubuntu/workspace/rest-api-example/vendor/laravel/lumen-framework/src/Concerns/RoutesRequests.php:683
[20-Jan-2017 20:45:06 UTC] PHP  10. Laravel\Lumen\Application->callControllerCallable() /home/ubuntu/workspace/rest-api-example/vendor/laravel/lumen-framework/src/Concerns/RoutesRequests.php:710
[20-Jan-2017 20:45:06 UTC] PHP  11. Illuminate\Container\Container->call() /home/ubuntu/workspace/rest-api-example/vendor/laravel/lumen-framework/src/Concerns/RoutesRequests.php:743
[20-Jan-2017 20:45:06 UTC] PHP  12. call_user_func_array:{/home/ubuntu/workspace/rest-api-example/vendor/illuminate/container/Container.php:508}() /home/ubuntu/workspace/rest-api-example/vendor/illuminate/container/Container.php:508
[20-Jan-2017 20:45:06 UTC] PHP  13. App\Http\Controllers\DefaultController->get() /home/ubuntu/workspace/rest-api-example/vendor/illuminate/container/Container.php:508
[20-Jan-2017 20:45:30 UTC] PHP Fatal error:  Class 'Resources\Views\DefaultGetView' not found in /home/ubuntu/workspace/rest-api-example/app/Http/Controllers/DefaultController.php on line 28
[20-Jan-2017 20:45:30 UTC] PHP Stack trace:
[20-Jan-2017 20:45:30 UTC] PHP   1. {main}() /home/ubuntu/workspace/rest-api-example/public/index.php:0
[20-Jan-2017 20:45:30 UTC] PHP   2. Laravel\Lumen\Application->run() /home/ubuntu/workspace/rest-api-example/public/index.php:28
[20-Jan-2017 20:45:30 UTC] PHP   3. Laravel\Lumen\Application->dispatch() /home/ubuntu/workspace/rest-api-example/vendor/laravel/lumen-framework/src/Concerns/RoutesRequests.php:476
[20-Jan-2017 20:45:30 UTC] PHP   4. Laravel\Lumen\Application->sendThroughPipeline() /home/ubuntu/workspace/rest-api-example/vendor/laravel/lumen-framework/src/Concerns/RoutesRequests.php:535
[20-Jan-2017 20:45:30 UTC] PHP   5. Laravel\Lumen\Application->Laravel\Lumen\Concerns\{closure}() /home/ubuntu/workspace/rest-api-example/vendor/laravel/lumen-framework/src/Concerns/RoutesRequests.php:783
[20-Jan-2017 20:45:30 UTC] PHP   6. Laravel\Lumen\Application->handleFoundRoute() /home/ubuntu/workspace/rest-api-example/vendor/laravel/lumen-framework/src/Concerns/RoutesRequests.php:529
[20-Jan-2017 20:45:30 UTC] PHP   7. Laravel\Lumen\Application->callActionOnArrayBasedRoute() /home/ubuntu/workspace/rest-api-example/vendor/laravel/lumen-framework/src/Concerns/RoutesRequests.php:630
[20-Jan-2017 20:45:30 UTC] PHP   8. Laravel\Lumen\Application->callControllerAction() /home/ubuntu/workspace/rest-api-example/vendor/laravel/lumen-framework/src/Concerns/RoutesRequests.php:645
[20-Jan-2017 20:45:30 UTC] PHP   9. Laravel\Lumen\Application->callLumenController() /home/ubuntu/workspace/rest-api-example/vendor/laravel/lumen-framework/src/Concerns/RoutesRequests.php:683
[20-Jan-2017 20:45:30 UTC] PHP  10. Laravel\Lumen\Application->callControllerCallable() /home/ubuntu/workspace/rest-api-example/vendor/laravel/lumen-framework/src/Concerns/RoutesRequests.php:710
[20-Jan-2017 20:45:30 UTC] PHP  11. Illuminate\Container\Container->call() /home/ubuntu/workspace/rest-api-example/vendor/laravel/lumen-framework/src/Concerns/RoutesRequests.php:743
[20-Jan-2017 20:45:30 UTC] PHP  12. call_user_func_array:{/home/ubuntu/workspace/rest-api-example/vendor/illuminate/container/Container.php:508}() /home/ubuntu/workspace/rest-api-example/vendor/illuminate/container/Container.php:508
[20-Jan-2017 20:45:30 UTC] PHP  13. App\Http\Controllers\DefaultController->get() /home/ubuntu/workspace/rest-api-example/vendor/illuminate/container/Container.php:508
[20-Jan-2017 20:45:31 UTC] PHP Fatal error:  Class 'Resources\Views\DefaultGetView' not found in /home/ubuntu/workspace/rest-api-example/app/Http/Controllers/DefaultController.php on line 28
[20-Jan-2017 20:45:31 UTC] PHP Stack trace:
[20-Jan-2017 20:45:31 UTC] PHP   1. {main}() /home/ubuntu/workspace/rest-api-example/public/index.php:0
[20-Jan-2017 20:45:31 UTC] PHP   2. Laravel\Lumen\Application->run() /home/ubuntu/workspace/rest-api-example/public/index.php:28
[20-Jan-2017 20:45:31 UTC] PHP   3. Laravel\Lumen\Application->dispatch() /home/ubuntu/workspace/rest-api-example/vendor/laravel/lumen-framework/src/Concerns/RoutesRequests.php:476
[20-Jan-2017 20:45:31 UTC] PHP   4. Laravel\Lumen\Application->sendThroughPipeline() /home/ubuntu/workspace/rest-api-example/vendor/laravel/lumen-framework/src/Concerns/RoutesRequests.php:535
[20-Jan-2017 20:45:31 UTC] PHP   5. Laravel\Lumen\Application->Laravel\Lumen\Concerns\{closure}() /home/ubuntu/workspace/rest-api-example/vendor/laravel/lumen-framework/src/Concerns/RoutesRequests.php:783
[20-Jan-2017 20:45:31 UTC] PHP   6. Laravel\Lumen\Application->handleFoundRoute() /home/ubuntu/workspace/rest-api-example/vendor/laravel/lumen-framework/src/Concerns/RoutesRequests.php:529
[20-Jan-2017 20:45:31 UTC] PHP   7. Laravel\Lumen\Application->callActionOnArrayBasedRoute() /home/ubuntu/workspace/rest-api-example/vendor/laravel/lumen-framework/src/Concerns/RoutesRequests.php:630
[20-Jan-2017 20:45:31 UTC] PHP   8. Laravel\Lumen\Application->callControllerAction() /home/ubuntu/workspace/rest-api-example/vendor/laravel/lumen-framework/src/Concerns/RoutesRequests.php:645
[20-Jan-2017 20:45:31 UTC] PHP   9. Laravel\Lumen\Application->callLumenController() /home/ubuntu/workspace/rest-api-example/vendor/laravel/lumen-framework/src/Concerns/RoutesRequests.php:683
[20-Jan-2017 20:45:31 UTC] PHP  10. Laravel\Lumen\Application->callControllerCallable() /home/ubuntu/workspace/rest-api-example/vendor/laravel/lumen-framework/src/Concerns/RoutesRequests.php:710
[20-Jan-2017 20:45:31 UTC] PHP  11. Illuminate\Container\Container->call() /home/ubuntu/workspace/rest-api-example/vendor/laravel/lumen-framework/src/Concerns/RoutesRequests.php:743
[20-Jan-2017 20:45:31 UTC] PHP  12. call_user_func_array:{/home/ubuntu/workspace/rest-api-example/vendor/illuminate/container/Container.php:508}() /home/ubuntu/workspace/rest-api-example/vendor/illuminate/container/Container.php:508
[20-Jan-2017 20:45:31 UTC] PHP  13. App\Http\Controllers\DefaultController->get() /home/ubuntu/workspace/rest-api-example/vendor/illuminate/container/Container.php:508
[20-Jan-2017 20:47:07 UTC] PHP Fatal error:  Class 'App\Http\Controllers\DefaultGetView' not found in /home/ubuntu/workspace/rest-api-example/app/Http/Controllers/DefaultController.php on line 28
[20-Jan-2017 20:47:07 UTC] PHP Stack trace:
[20-Jan-2017 20:47:07 UTC] PHP   1. {main}() /home/ubuntu/workspace/rest-api-example/public/index.php:0
[20-Jan-2017 20:47:07 UTC] PHP   2. Laravel\Lumen\Application->run() /home/ubuntu/workspace/rest-api-example/public/index.php:28
[20-Jan-2017 20:47:07 UTC] PHP   3. Laravel\Lumen\Application->dispatch() /home/ubuntu/workspace/rest-api-example/vendor/laravel/lumen-framework/src/Concerns/RoutesRequests.php:476
[20-Jan-2017 20:47:07 UTC] PHP   4. Laravel\Lumen\Application->sendThroughPipeline() /home/ubuntu/workspace/rest-api-example/vendor/laravel/lumen-framework/src/Concerns/RoutesRequests.php:535
[20-Jan-2017 20:47:07 UTC] PHP   5. Laravel\Lumen\Application->Laravel\Lumen\Concerns\{closure}() /home/ubuntu/workspace/rest-api-example/vendor/laravel/lumen-framework/src/Concerns/RoutesRequests.php:783
[20-Jan-2017 20:47:07 UTC] PHP   6. Laravel\Lumen\Application->handleFoundRoute() /home/ubuntu/workspace/rest-api-example/vendor/laravel/lumen-framework/src/Concerns/RoutesRequests.php:529
[20-Jan-2017 20:47:07 UTC] PHP   7. Laravel\Lumen\Application->callActionOnArrayBasedRoute() /home/ubuntu/workspace/rest-api-example/vendor/laravel/lumen-framework/src/Concerns/RoutesRequests.php:630
[20-Jan-2017 20:47:07 UTC] PHP   8. Laravel\Lumen\Application->callControllerAction() /home/ubuntu/workspace/rest-api-example/vendor/laravel/lumen-framework/src/Concerns/RoutesRequests.php:645
[20-Jan-2017 20:47:07 UTC] PHP   9. Laravel\Lumen\Application->callLumenController() /home/ubuntu/workspace/rest-api-example/vendor/laravel/lumen-framework/src/Concerns/RoutesRequests.php:683
[20-Jan-2017 20:47:07 UTC] PHP  10. Laravel\Lumen\Application->callControllerCallable() /home/ubuntu/workspace/rest-api-example/vendor/laravel/lumen-framework/src/Concerns/RoutesRequests.php:710
[20-Jan-2017 20:47:07 UTC] PHP  11. Illuminate\Container\Container->call() /home/ubuntu/workspace/rest-api-example/vendor/laravel/lumen-framework/src/Concerns/RoutesRequests.php:743
[20-Jan-2017 20:47:07 UTC] PHP  12. call_user_func_array:{/home/ubuntu/workspace/rest-api-example/vendor/illuminate/container/Container.php:508}() /home/ubuntu/workspace/rest-api-example/vendor/illuminate/container/Container.php:508
[20-Jan-2017 20:47:07 UTC] PHP  13. App\Http\Controllers\DefaultController->get() /home/ubuntu/workspace/rest-api-example/vendor/illuminate/container/Container.php:508
[20-Jan-2017 20:51:09 UTC] PHP Fatal error:  Class 'App\Http\Controllers\DefaultPostView' not found in /home/ubuntu/workspace/rest-api-example/app/Http/Controllers/DefaultController.php on line 44
[20-Jan-2017 20:51:09 UTC] PHP Stack trace:
[20-Jan-2017 20:51:09 UTC] PHP   1. {main}() /home/ubuntu/workspace/rest-api-example/public/index.php:0
[20-Jan-2017 20:51:09 UTC] PHP   2. Laravel\Lumen\Application->run() /home/ubuntu/workspace/rest-api-example/public/index.php:28
[20-Jan-2017 20:51:09 UTC] PHP   3. Laravel\Lumen\Application->dispatch() /home/ubuntu/workspace/rest-api-example/vendor/laravel/lumen-framework/src/Concerns/RoutesRequests.php:476
[20-Jan-2017 20:51:09 UTC] PHP   4. Laravel\Lumen\Application->sendThroughPipeline() /home/ubuntu/workspace/rest-api-example/vendor/laravel/lumen-framework/src/Concerns/RoutesRequests.php:535
[20-Jan-2017 20:51:09 UTC] PHP   5. Laravel\Lumen\Application->Laravel\Lumen\Concerns\{closure}() /home/ubuntu/workspace/rest-api-example/vendor/laravel/lumen-framework/src/Concerns/RoutesRequests.php:783
[20-Jan-2017 20:51:09 UTC] PHP   6. Laravel\Lumen\Application->handleFoundRoute() /home/ubuntu/workspace/rest-api-example/vendor/laravel/lumen-framework/src/Concerns/RoutesRequests.php:529
[20-Jan-2017 20:51:09 UTC] PHP   7. Laravel\Lumen\Application->callActionOnArrayBasedRoute() /home/ubuntu/workspace/rest-api-example/vendor/laravel/lumen-framework/src/Concerns/RoutesRequests.php:630
[20-Jan-2017 20:51:09 UTC] PHP   8. Laravel\Lumen\Application->callControllerAction() /home/ubuntu/workspace/rest-api-example/vendor/laravel/lumen-framework/src/Concerns/RoutesRequests.php:645
[20-Jan-2017 20:51:09 UTC] PHP   9. Laravel\Lumen\Application->callLumenController() /home/ubuntu/workspace/rest-api-example/vendor/laravel/lumen-framework/src/Concerns/RoutesRequests.php:683
[20-Jan-2017 20:51:09 UTC] PHP  10. Laravel\Lumen\Application->callControllerCallable() /home/ubuntu/workspace/rest-api-example/vendor/laravel/lumen-framework/src/Concerns/RoutesRequests.php:710
[20-Jan-2017 20:51:09 UTC] PHP  11. Illuminate\Container\Container->call() /home/ubuntu/workspace/rest-api-example/vendor/laravel/lumen-framework/src/Concerns/RoutesRequests.php:743
[20-Jan-2017 20:51:09 UTC] PHP  12. call_user_func_array:{/home/ubuntu/workspace/rest-api-example/vendor/illuminate/container/Container.php:508}() /home/ubuntu/workspace/rest-api-example/vendor/illuminate/container/Container.php:508
[20-Jan-2017 20:51:09 UTC] PHP  13. App\Http\Controllers\DefaultController->post() /home/ubuntu/workspace/rest-api-example/vendor/illuminate/container/Container.php:508
[20-Jan-2017 20:51:47 UTC] PHP Fatal error:  Cannot redeclare class Resources\Views\DefaultGetView in /home/ubuntu/workspace/rest-api-example/resources/views/DefaultPostView.php on line 5
[20-Jan-2017 20:51:47 UTC] PHP Stack trace:
[20-Jan-2017 20:51:47 UTC] PHP   1. {main}() /home/ubuntu/workspace/rest-api-example/public/index.php:0
[20-Jan-2017 20:51:47 UTC] PHP   2. Laravel\Lumen\Application->run() /home/ubuntu/workspace/rest-api-example/public/index.php:28
[20-Jan-2017 20:51:47 UTC] PHP   3. Laravel\Lumen\Application->dispatch() /home/ubuntu/workspace/rest-api-example/vendor/laravel/lumen-framework/src/Concerns/RoutesRequests.php:476
[20-Jan-2017 20:51:47 UTC] PHP   4. Laravel\Lumen\Application->sendThroughPipeline() /home/ubuntu/workspace/rest-api-example/vendor/laravel/lumen-framework/src/Concerns/RoutesRequests.php:535
[20-Jan-2017 20:51:47 UTC] PHP   5. Laravel\Lumen\Application->Laravel\Lumen\Concerns\{closure}() /home/ubuntu/workspace/rest-api-example/vendor/laravel/lumen-framework/src/Concerns/RoutesRequests.php:783
[20-Jan-2017 20:51:47 UTC] PHP   6. Laravel\Lumen\Application->handleFoundRoute() /home/ubuntu/workspace/rest-api-example/vendor/laravel/lumen-framework/src/Concerns/RoutesRequests.php:529
[20-Jan-2017 20:51:47 UTC] PHP   7. Laravel\Lumen\Application->callActionOnArrayBasedRoute() /home/ubuntu/workspace/rest-api-example/vendor/laravel/lumen-framework/src/Concerns/RoutesRequests.php:630
[20-Jan-2017 20:51:47 UTC] PHP   8. Laravel\Lumen\Application->callControllerAction() /home/ubuntu/workspace/rest-api-example/vendor/laravel/lumen-framework/src/Concerns/RoutesRequests.php:645
[20-Jan-2017 20:51:47 UTC] PHP   9. Laravel\Lumen\Application->make() /home/ubuntu/workspace/rest-api-example/vendor/laravel/lumen-framework/src/Concerns/RoutesRequests.php:678
[20-Jan-2017 20:51:47 UTC] PHP  10. Illuminate\Container\Container->make() /home/ubuntu/workspace/rest-api-example/vendor/laravel/lumen-framework/src/Application.php:212
[20-Jan-2017 20:51:47 UTC] PHP  11. Illuminate\Container\Container->build() /home/ubuntu/workspace/rest-api-example/vendor/illuminate/container/Container.php:644
[20-Jan-2017 20:51:47 UTC] PHP  12. ReflectionClass->__construct() /home/ubuntu/workspace/rest-api-example/vendor/illuminate/container/Container.php:749
[20-Jan-2017 20:51:47 UTC] PHP  13. spl_autoload_call() /home/ubuntu/workspace/rest-api-example/vendor/illuminate/container/Container.php:749
[20-Jan-2017 20:51:47 UTC] PHP  14. Composer\Autoload\ClassLoader->loadClass() /home/ubuntu/workspace/rest-api-example/vendor/illuminate/container/Container.php:749
[20-Jan-2017 20:51:47 UTC] PHP  15. Composer\Autoload\includeFile() /home/ubuntu/workspace/rest-api-example/vendor/composer/ClassLoader.php:322
[20-Jan-2017 20:51:47 UTC] PHP  16. include() /home/ubuntu/workspace/rest-api-example/vendor/composer/ClassLoader.php:440
[20-Jan-2017 20:58:37 UTC] PHP Fatal error:  Class 'Resources\Views\DefaultGetView' not found in /home/ubuntu/workspace/rest-api-example/app/Http/Controllers/DefaultController.php on line 30
[20-Jan-2017 20:58:37 UTC] PHP Stack trace:
[20-Jan-2017 20:58:37 UTC] PHP   1. {main}() /home/ubuntu/workspace/rest-api-example/public/index.php:0
[20-Jan-2017 20:58:37 UTC] PHP   2. Laravel\Lumen\Application->run() /home/ubuntu/workspace/rest-api-example/public/index.php:28
[20-Jan-2017 20:58:37 UTC] PHP   3. Laravel\Lumen\Application->dispatch() /home/ubuntu/workspace/rest-api-example/vendor/laravel/lumen-framework/src/Concerns/RoutesRequests.php:476
[20-Jan-2017 20:58:37 UTC] PHP   4. Laravel\Lumen\Application->sendThroughPipeline() /home/ubuntu/workspace/rest-api-example/vendor/laravel/lumen-framework/src/Concerns/RoutesRequests.php:535
[20-Jan-2017 20:58:37 UTC] PHP   5. Laravel\Lumen\Application->Laravel\Lumen\Concerns\{closure}() /home/ubuntu/workspace/rest-api-example/vendor/laravel/lumen-framework/src/Concerns/RoutesRequests.php:783
[20-Jan-2017 20:58:37 UTC] PHP   6. Laravel\Lumen\Application->handleFoundRoute() /home/ubuntu/workspace/rest-api-example/vendor/laravel/lumen-framework/src/Concerns/RoutesRequests.php:529
[20-Jan-2017 20:58:37 UTC] PHP   7. Laravel\Lumen\Application->callActionOnArrayBasedRoute() /home/ubuntu/workspace/rest-api-example/vendor/laravel/lumen-framework/src/Concerns/RoutesRequests.php:630
[20-Jan-2017 20:58:37 UTC] PHP   8. Laravel\Lumen\Application->callControllerAction() /home/ubuntu/workspace/rest-api-example/vendor/laravel/lumen-framework/src/Concerns/RoutesRequests.php:645
[20-Jan-2017 20:58:37 UTC] PHP   9. Laravel\Lumen\Application->callLumenController() /home/ubuntu/workspace/rest-api-example/vendor/laravel/lumen-framework/src/Concerns/RoutesRequests.php:683
[20-Jan-2017 20:58:37 UTC] PHP  10. Laravel\Lumen\Application->callControllerCallable() /home/ubuntu/workspace/rest-api-example/vendor/laravel/lumen-framework/src/Concerns/RoutesRequests.php:710
[20-Jan-2017 20:58:37 UTC] PHP  11. Illuminate\Container\Container->call() /home/ubuntu/workspace/rest-api-example/vendor/laravel/lumen-framework/src/Concerns/RoutesRequests.php:743
[20-Jan-2017 20:58:37 UTC] PHP  12. call_user_func_array:{/home/ubuntu/workspace/rest-api-example/vendor/illuminate/container/Container.php:508}() /home/ubuntu/workspace/rest-api-example/vendor/illuminate/container/Container.php:508
[20-Jan-2017 20:58:37 UTC] PHP  13. App\Http\Controllers\DefaultController->get() /home/ubuntu/workspace/rest-api-example/vendor/illuminate/container/Container.php:508
[20-Jan-2017 20:59:06 UTC] PHP Fatal error:  Class 'Resources\Views\DefaultGetView' not found in /home/ubuntu/workspace/rest-api-example/app/Http/Controllers/DefaultController.php on line 30
[20-Jan-2017 20:59:06 UTC] PHP Stack trace:
[20-Jan-2017 20:59:06 UTC] PHP   1. {main}() /home/ubuntu/workspace/rest-api-example/public/index.php:0
[20-Jan-2017 20:59:06 UTC] PHP   2. Laravel\Lumen\Application->run() /home/ubuntu/workspace/rest-api-example/public/index.php:28
[20-Jan-2017 20:59:06 UTC] PHP   3. Laravel\Lumen\Application->dispatch() /home/ubuntu/workspace/rest-api-example/vendor/laravel/lumen-framework/src/Concerns/RoutesRequests.php:476
[20-Jan-2017 20:59:06 UTC] PHP   4. Laravel\Lumen\Application->sendThroughPipeline() /home/ubuntu/workspace/rest-api-example/vendor/laravel/lumen-framework/src/Concerns/RoutesRequests.php:535
[20-Jan-2017 20:59:06 UTC] PHP   5. Laravel\Lumen\Application->Laravel\Lumen\Concerns\{closure}() /home/ubuntu/workspace/rest-api-example/vendor/laravel/lumen-framework/src/Concerns/RoutesRequests.php:783
[20-Jan-2017 20:59:06 UTC] PHP   6. Laravel\Lumen\Application->handleFoundRoute() /home/ubuntu/workspace/rest-api-example/vendor/laravel/lumen-framework/src/Concerns/RoutesRequests.php:529
[20-Jan-2017 20:59:06 UTC] PHP   7. Laravel\Lumen\Application->callActionOnArrayBasedRoute() /home/ubuntu/workspace/rest-api-example/vendor/laravel/lumen-framework/src/Concerns/RoutesRequests.php:630
[20-Jan-2017 20:59:06 UTC] PHP   8. Laravel\Lumen\Application->callControllerAction() /home/ubuntu/workspace/rest-api-example/vendor/laravel/lumen-framework/src/Concerns/RoutesRequests.php:645
[20-Jan-2017 20:59:06 UTC] PHP   9. Laravel\Lumen\Application->callLumenController() /home/ubuntu/workspace/rest-api-example/vendor/laravel/lumen-framework/src/Concerns/RoutesRequests.php:683
[20-Jan-2017 20:59:06 UTC] PHP  10. Laravel\Lumen\Application->callControllerCallable() /home/ubuntu/workspace/rest-api-example/vendor/laravel/lumen-framework/src/Concerns/RoutesRequests.php:710
[20-Jan-2017 20:59:06 UTC] PHP  11. Illuminate\Container\Container->call() /home/ubuntu/workspace/rest-api-example/vendor/laravel/lumen-framework/src/Concerns/RoutesRequests.php:743
[20-Jan-2017 20:59:06 UTC] PHP  12. call_user_func_array:{/home/ubuntu/workspace/rest-api-example/vendor/illuminate/container/Container.php:508}() /home/ubuntu/workspace/rest-api-example/vendor/illuminate/container/Container.php:508
[20-Jan-2017 20:59:06 UTC] PHP  13. App\Http\Controllers\DefaultController->get() /home/ubuntu/workspace/rest-api-example/vendor/illuminate/container/Container.php:508
[20-Jan-2017 21:00:39 UTC] PHP Fatal error:  Class 'Resources\Views\DefaultGetView' not found in /home/ubuntu/workspace/rest-api-example/app/Http/Controllers/DefaultController.php on line 30
[20-Jan-2017 21:00:39 UTC] PHP Stack trace:
[20-Jan-2017 21:00:39 UTC] PHP   1. {main}() /home/ubuntu/workspace/rest-api-example/public/index.php:0
[20-Jan-2017 21:00:39 UTC] PHP   2. Laravel\Lumen\Application->run() /home/ubuntu/workspace/rest-api-example/public/index.php:28
[20-Jan-2017 21:00:39 UTC] PHP   3. Laravel\Lumen\Application->dispatch() /home/ubuntu/workspace/rest-api-example/vendor/laravel/lumen-framework/src/Concerns/RoutesRequests.php:476
[20-Jan-2017 21:00:39 UTC] PHP   4. Laravel\Lumen\Application->sendThroughPipeline() /home/ubuntu/workspace/rest-api-example/vendor/laravel/lumen-framework/src/Concerns/RoutesRequests.php:535
[20-Jan-2017 21:00:39 UTC] PHP   5. Laravel\Lumen\Application->Laravel\Lumen\Concerns\{closure}() /home/ubuntu/workspace/rest-api-example/vendor/laravel/lumen-framework/src/Concerns/RoutesRequests.php:783
[20-Jan-2017 21:00:39 UTC] PHP   6. Laravel\Lumen\Application->handleFoundRoute() /home/ubuntu/workspace/rest-api-example/vendor/laravel/lumen-framework/src/Concerns/RoutesRequests.php:529
[20-Jan-2017 21:00:39 UTC] PHP   7. Laravel\Lumen\Application->callActionOnArrayBasedRoute() /home/ubuntu/workspace/rest-api-example/vendor/laravel/lumen-framework/src/Concerns/RoutesRequests.php:630
[20-Jan-2017 21:00:39 UTC] PHP   8. Laravel\Lumen\Application->callControllerAction() /home/ubuntu/workspace/rest-api-example/vendor/laravel/lumen-framework/src/Concerns/RoutesRequests.php:645
[20-Jan-2017 21:00:39 UTC] PHP   9. Laravel\Lumen\Application->callLumenController() /home/ubuntu/workspace/rest-api-example/vendor/laravel/lumen-framework/src/Concerns/RoutesRequests.php:683
[20-Jan-2017 21:00:39 UTC] PHP  10. Laravel\Lumen\Application->callControllerCallable() /home/ubuntu/workspace/rest-api-example/vendor/laravel/lumen-framework/src/Concerns/RoutesRequests.php:710
[20-Jan-2017 21:00:39 UTC] PHP  11. Illuminate\Container\Container->call() /home/ubuntu/workspace/rest-api-example/vendor/laravel/lumen-framework/src/Concerns/RoutesRequests.php:743
[20-Jan-2017 21:00:39 UTC] PHP  12. call_user_func_array:{/home/ubuntu/workspace/rest-api-example/vendor/illuminate/container/Container.php:508}() /home/ubuntu/workspace/rest-api-example/vendor/illuminate/container/Container.php:508
[20-Jan-2017 21:00:39 UTC] PHP  13. App\Http\Controllers\DefaultController->get() /home/ubuntu/workspace/rest-api-example/vendor/illuminate/container/Container.php:508
[20-Jan-2017 21:01:57 UTC] PHP Fatal error:  Class 'Resources\Views\DefaultGetView' not found in /home/ubuntu/workspace/rest-api-example/app/Http/Controllers/DefaultController.php on line 30
[20-Jan-2017 21:01:57 UTC] PHP Stack trace:
[20-Jan-2017 21:01:57 UTC] PHP   1. {main}() /home/ubuntu/workspace/rest-api-example/public/index.php:0
[20-Jan-2017 21:01:57 UTC] PHP   2. Laravel\Lumen\Application->run() /home/ubuntu/workspace/rest-api-example/public/index.php:28
[20-Jan-2017 21:01:57 UTC] PHP   3. Laravel\Lumen\Application->dispatch() /home/ubuntu/workspace/rest-api-example/vendor/laravel/lumen-framework/src/Concerns/RoutesRequests.php:476
[20-Jan-2017 21:01:57 UTC] PHP   4. Laravel\Lumen\Application->sendThroughPipeline() /home/ubuntu/workspace/rest-api-example/vendor/laravel/lumen-framework/src/Concerns/RoutesRequests.php:535
[20-Jan-2017 21:01:57 UTC] PHP   5. Laravel\Lumen\Application->Laravel\Lumen\Concerns\{closure}() /home/ubuntu/workspace/rest-api-example/vendor/laravel/lumen-framework/src/Concerns/RoutesRequests.php:783
[20-Jan-2017 21:01:57 UTC] PHP   6. Laravel\Lumen\Application->handleFoundRoute() /home/ubuntu/workspace/rest-api-example/vendor/laravel/lumen-framework/src/Concerns/RoutesRequests.php:529
[20-Jan-2017 21:01:57 UTC] PHP   7. Laravel\Lumen\Application->callActionOnArrayBasedRoute() /home/ubuntu/workspace/rest-api-example/vendor/laravel/lumen-framework/src/Concerns/RoutesRequests.php:630
[20-Jan-2017 21:01:57 UTC] PHP   8. Laravel\Lumen\Application->callControllerAction() /home/ubuntu/workspace/rest-api-example/vendor/laravel/lumen-framework/src/Concerns/RoutesRequests.php:645
[20-Jan-2017 21:01:57 UTC] PHP   9. Laravel\Lumen\Application->callLumenController() /home/ubuntu/workspace/rest-api-example/vendor/laravel/lumen-framework/src/Concerns/RoutesRequests.php:683
[20-Jan-2017 21:01:57 UTC] PHP  10. Laravel\Lumen\Application->callControllerCallable() /home/ubuntu/workspace/rest-api-example/vendor/laravel/lumen-framework/src/Concerns/RoutesRequests.php:710
[20-Jan-2017 21:01:57 UTC] PHP  11. Illuminate\Container\Container->call() /home/ubuntu/workspace/rest-api-example/vendor/laravel/lumen-framework/src/Concerns/RoutesRequests.php:743
[20-Jan-2017 21:01:57 UTC] PHP  12. call_user_func_array:{/home/ubuntu/workspace/rest-api-example/vendor/illuminate/container/Container.php:508}() /home/ubuntu/workspace/rest-api-example/vendor/illuminate/container/Container.php:508
[20-Jan-2017 21:01:57 UTC] PHP  13. App\Http\Controllers\DefaultController->get() /home/ubuntu/workspace/rest-api-example/vendor/illuminate/container/Container.php:508
[20-Jan-2017 21:02:04 UTC] PHP Fatal error:  Class 'Resources\Views\DefaultGetView' not found in /home/ubuntu/workspace/rest-api-example/app/Http/Controllers/DefaultController.php on line 30
[20-Jan-2017 21:02:04 UTC] PHP Stack trace:
[20-Jan-2017 21:02:04 UTC] PHP   1. {main}() /home/ubuntu/workspace/rest-api-example/public/index.php:0
[20-Jan-2017 21:02:04 UTC] PHP   2. Laravel\Lumen\Application->run() /home/ubuntu/workspace/rest-api-example/public/index.php:28
[20-Jan-2017 21:02:04 UTC] PHP   3. Laravel\Lumen\Application->dispatch() /home/ubuntu/workspace/rest-api-example/vendor/laravel/lumen-framework/src/Concerns/RoutesRequests.php:476
[20-Jan-2017 21:02:04 UTC] PHP   4. Laravel\Lumen\Application->sendThroughPipeline() /home/ubuntu/workspace/rest-api-example/vendor/laravel/lumen-framework/src/Concerns/RoutesRequests.php:535
[20-Jan-2017 21:02:04 UTC] PHP   5. Laravel\Lumen\Application->Laravel\Lumen\Concerns\{closure}() /home/ubuntu/workspace/rest-api-example/vendor/laravel/lumen-framework/src/Concerns/RoutesRequests.php:783
[20-Jan-2017 21:02:04 UTC] PHP   6. Laravel\Lumen\Application->handleFoundRoute() /home/ubuntu/workspace/rest-api-example/vendor/laravel/lumen-framework/src/Concerns/RoutesRequests.php:529
[20-Jan-2017 21:02:04 UTC] PHP   7. Laravel\Lumen\Application->callActionOnArrayBasedRoute() /home/ubuntu/workspace/rest-api-example/vendor/laravel/lumen-framework/src/Concerns/RoutesRequests.php:630
[20-Jan-2017 21:02:04 UTC] PHP   8. Laravel\Lumen\Application->callControllerAction() /home/ubuntu/workspace/rest-api-example/vendor/laravel/lumen-framework/src/Concerns/RoutesRequests.php:645
[20-Jan-2017 21:02:04 UTC] PHP   9. Laravel\Lumen\Application->callLumenController() /home/ubuntu/workspace/rest-api-example/vendor/laravel/lumen-framework/src/Concerns/RoutesRequests.php:683
[20-Jan-2017 21:02:04 UTC] PHP  10. Laravel\Lumen\Application->callControllerCallable() /home/ubuntu/workspace/rest-api-example/vendor/laravel/lumen-framework/src/Concerns/RoutesRequests.php:710
[20-Jan-2017 21:02:04 UTC] PHP  11. Illuminate\Container\Container->call() /home/ubuntu/workspace/rest-api-example/vendor/laravel/lumen-framework/src/Concerns/RoutesRequests.php:743
[20-Jan-2017 21:02:04 UTC] PHP  12. call_user_func_array:{/home/ubuntu/workspace/rest-api-example/vendor/illuminate/container/Container.php:508}() /home/ubuntu/workspace/rest-api-example/vendor/illuminate/container/Container.php:508
[20-Jan-2017 21:02:04 UTC] PHP  13. App\Http\Controllers\DefaultController->get() /home/ubuntu/workspace/rest-api-example/vendor/illuminate/container/Container.php:508
[20-Jan-2017 21:02:06 UTC] PHP Fatal error:  Class 'Resources\Views\DefaultGetView' not found in /home/ubuntu/workspace/rest-api-example/app/Http/Controllers/DefaultController.php on line 30
[20-Jan-2017 21:02:06 UTC] PHP Stack trace:
[20-Jan-2017 21:02:06 UTC] PHP   1. {main}() /home/ubuntu/workspace/rest-api-example/public/index.php:0
[20-Jan-2017 21:02:06 UTC] PHP   2. Laravel\Lumen\Application->run() /home/ubuntu/workspace/rest-api-example/public/index.php:28
[20-Jan-2017 21:02:06 UTC] PHP   3. Laravel\Lumen\Application->dispatch() /home/ubuntu/workspace/rest-api-example/vendor/laravel/lumen-framework/src/Concerns/RoutesRequests.php:476
[20-Jan-2017 21:02:06 UTC] PHP   4. Laravel\Lumen\Application->sendThroughPipeline() /home/ubuntu/workspace/rest-api-example/vendor/laravel/lumen-framework/src/Concerns/RoutesRequests.php:535
[20-Jan-2017 21:02:06 UTC] PHP   5. Laravel\Lumen\Application->Laravel\Lumen\Concerns\{closure}() /home/ubuntu/workspace/rest-api-example/vendor/laravel/lumen-framework/src/Concerns/RoutesRequests.php:783
[20-Jan-2017 21:02:06 UTC] PHP   6. Laravel\Lumen\Application->handleFoundRoute() /home/ubuntu/workspace/rest-api-example/vendor/laravel/lumen-framework/src/Concerns/RoutesRequests.php:529
[20-Jan-2017 21:02:06 UTC] PHP   7. Laravel\Lumen\Application->callActionOnArrayBasedRoute() /home/ubuntu/workspace/rest-api-example/vendor/laravel/lumen-framework/src/Concerns/RoutesRequests.php:630
[20-Jan-2017 21:02:06 UTC] PHP   8. Laravel\Lumen\Application->callControllerAction() /home/ubuntu/workspace/rest-api-example/vendor/laravel/lumen-framework/src/Concerns/RoutesRequests.php:645
[20-Jan-2017 21:02:06 UTC] PHP   9. Laravel\Lumen\Application->callLumenController() /home/ubuntu/workspace/rest-api-example/vendor/laravel/lumen-framework/src/Concerns/RoutesRequests.php:683
[20-Jan-2017 21:02:06 UTC] PHP  10. Laravel\Lumen\Application->callControllerCallable() /home/ubuntu/workspace/rest-api-example/vendor/laravel/lumen-framework/src/Concerns/RoutesRequests.php:710
[20-Jan-2017 21:02:06 UTC] PHP  11. Illuminate\Container\Container->call() /home/ubuntu/workspace/rest-api-example/vendor/laravel/lumen-framework/src/Concerns/RoutesRequests.php:743
[20-Jan-2017 21:02:06 UTC] PHP  12. call_user_func_array:{/home/ubuntu/workspace/rest-api-example/vendor/illuminate/container/Container.php:508}() /home/ubuntu/workspace/rest-api-example/vendor/illuminate/container/Container.php:508
[20-Jan-2017 21:02:06 UTC] PHP  13. App\Http\Controllers\DefaultController->get() /home/ubuntu/workspace/rest-api-example/vendor/illuminate/container/Container.php:508
